<?xml version="1.0" encoding="UTF-8"?>
<!-- Generated by org.testng.reporters.JUnitXMLReporter -->
<testsuite ignored="0" hostname="DESKTOP-7TMCI99" failures="4" tests="5" name="BankingApp Test(failed)(failed)" time="14.34" errors="0" timestamp="2024-04-06T04:37:56 IST">
  <testcase classname="com.internetBanking.testCases.TC_LoginDDT_002" name="loginDDT" time="1.124">
    <failure type="java.lang.AssertionError" message="expected [true] but found [false]">
      <![CDATA[java.lang.AssertionError: expected [true] but found [false]
at com.internetBanking.testCases.TC_LoginDDT_002.loginDDT(TC_LoginDDT_002.java:27)
at java.base/java.util.ArrayList.forEach(ArrayList.java:1511)
... Removed 31 stack frames]]>
    </failure>
  </testcase> <!-- loginDDT -->
  <testcase classname="com.internetBanking.testCases.TC_LoginDDT_002" name="loginDDT" time="1.095">
    <failure type="java.lang.AssertionError" message="expected [true] but found [false]">
      <![CDATA[java.lang.AssertionError: expected [true] but found [false]
at com.internetBanking.testCases.TC_LoginDDT_002.loginDDT(TC_LoginDDT_002.java:27)
at java.base/java.util.ArrayList.forEach(ArrayList.java:1511)
... Removed 31 stack frames]]>
    </failure>
  </testcase> <!-- loginDDT -->
  <testcase classname="com.internetBanking.testCases.TC_LoginDDT_002" name="loginDDT" time="0.94">
    <failure type="java.lang.AssertionError" message="expected [true] but found [false]">
      <![CDATA[java.lang.AssertionError: expected [true] but found [false]
at com.internetBanking.testCases.TC_LoginDDT_002.loginDDT(TC_LoginDDT_002.java:27)
at java.base/java.util.ArrayList.forEach(ArrayList.java:1511)
... Removed 31 stack frames]]>
    </failure>
  </testcase> <!-- loginDDT -->
  <testcase classname="com.internetBanking.testCases.TC_LoginDDT_002" name="loginDDT" time="1.243">
    <failure type="java.lang.AssertionError" message="expected [true] but found [false]">
      <![CDATA[java.lang.AssertionError: expected [true] but found [false]
at com.internetBanking.testCases.TC_LoginDDT_002.loginDDT(TC_LoginDDT_002.java:27)
at java.base/java.util.ArrayList.forEach(ArrayList.java:1511)
... Removed 31 stack frames]]>
    </failure>
  </testcase> <!-- loginDDT -->
  <testcase classname="com.internetBanking.testCases.TC_LoginTest_001" name="loginTest" time="1.222"/>
</testsuite> <!-- BankingApp Test(failed)(failed) -->
