<?xml version="1.0" encoding="UTF-8"?>
<testng-results ignored="0" total="1" passed="1" failed="0" skipped="0">
  <reporter-output>
  </reporter-output>
  <suite started-at="2024-04-06T09:24:17 IST" name="InternetBankingV1" finished-at="2024-04-06T09:24:23 IST" duration-ms="5913">
    <groups>
    </groups>
    <test started-at="2024-04-06T09:24:17 IST" name="BankingApp Test" finished-at="2024-04-06T09:24:23 IST" duration-ms="5913">
      <class name="com.internetBanking.testCases.TC_LoginTest_001">
        <test-method is-config="true" signature="setup(java.lang.String)[pri:0, instance:com.internetBanking.testCases.TC_LoginTest_001@3d1cfad4]" started-at="2024-04-06T09:24:17 IST" name="setup" finished-at="2024-04-06T09:24:21 IST" duration-ms="4558" status="PASS">
          <params>
            <param index="0">
              <value>
                <![CDATA[chrome]]>
              </value>
            </param>
          </params>
          <reporter-output>
          </reporter-output>
        </test-method> <!-- setup -->
        <test-method signature="loginTest()[pri:0, instance:com.internetBanking.testCases.TC_LoginTest_001@3d1cfad4]" started-at="2024-04-06T09:24:21 IST" name="loginTest" finished-at="2024-04-06T09:24:22 IST" duration-ms="966" status="PASS">
          <reporter-output>
          </reporter-output>
        </test-method> <!-- loginTest -->
        <test-method is-config="true" signature="tearDown()[pri:0, instance:com.internetBanking.testCases.TC_LoginTest_001@3d1cfad4]" started-at="2024-04-06T09:24:22 IST" name="tearDown" finished-at="2024-04-06T09:24:23 IST" duration-ms="137" status="PASS">
          <reporter-output>
          </reporter-output>
        </test-method> <!-- tearDown -->
      </class> <!-- com.internetBanking.testCases.TC_LoginTest_001 -->
    </test> <!-- BankingApp Test -->
  </suite> <!-- InternetBankingV1 -->
</testng-results>
